<?xml version="1.0" encoding="UTF-8"?>
<!-- Generated by org.testng.reporters.JUnitReportReporter -->
<testsuite hostname="rakesh-PC" name="infi.mediinfi.testscripts.TC001_testSearch" tests="1" failures="0" timestamp="15 Feb 2017 15:29:46 GMT" time="6.261" errors="0">
  <testcase name="testSearch" time="6.261" classname="infi.mediinfi.testscripts.TC001_testSearch"/>
</testsuite> <!-- infi.mediinfi.testscripts.TC001_testSearch -->
