<?xml version="1.0" encoding="UTF-8"?>
<!-- Generated by org.testng.reporters.JUnitReportReporter -->
<testsuite hostname="rakesh-PC" name="infi.mediinfi.testscripts.TC001_testSearchTest" tests="1" failures="0" timestamp="15 Feb 2017 16:13:32 GMT" time="7.296" errors="0">
  <testcase name="testSearch" time="7.296" classname="infi.mediinfi.testscripts.TC001_testSearchTest"/>
</testsuite> <!-- infi.mediinfi.testscripts.TC001_testSearchTest -->
